апр 08, 2020 9:25:24 PM ru.spbstu.pipeline.logging.UtilLogger log
INFO: Damaskinskiy LZW compressor started
апр 08, 2020 9:25:24 PM ru.spbstu.pipeline.logging.UtilLogger log
INFO: Info: Compressor: closed stream
апр 08, 2020 9:25:24 PM ru.spbstu.pipeline.logging.UtilLogger log
INFO: Damaskinskiy LZW compressor finished
апр 08, 2020 9:25:24 PM ru.spbstu.pipeline.logging.UtilLogger log
INFO: Damaskinskiy LZW decompressor started
апр 08, 2020 9:25:24 PM ru.spbstu.pipeline.logging.UtilLogger log
INFO: Info: Decompressor: closed files
апр 08, 2020 9:25:24 PM ru.spbstu.pipeline.logging.UtilLogger log
INFO: Damaskinskiy LZW decompressor finished
апр 08, 2020 9:25:24 PM ru.spbstu.pipeline.logging.UtilLogger log
INFO: Damaskinskiy LZW compressor started
апр 08, 2020 9:25:24 PM ru.spbstu.pipeline.logging.UtilLogger log
INFO: Info: Compressor: closed stream
апр 08, 2020 9:25:24 PM ru.spbstu.pipeline.logging.UtilLogger log
INFO: Damaskinskiy LZW compressor finished
апр 08, 2020 9:25:24 PM ru.spbstu.pipeline.logging.UtilLogger log
INFO: Damaskinskiy LZW decompressor started
апр 08, 2020 9:25:24 PM ru.spbstu.pipeline.logging.UtilLogger log
INFO: Info: Decompressor: closed files
апр 08, 2020 9:25:24 PM ru.spbstu.pipeline.logging.UtilLogger log
INFO: Damaskinskiy LZW decompressor finished
апр 08, 2020 9:25:24 PM ru.spbstu.pipeline.logging.UtilLogger log
INFO: Damaskinskiy LZW compressor started
апр 08, 2020 9:25:24 PM ru.spbstu.pipeline.logging.UtilLogger log
INFO: Info: Compressor: closed stream
апр 08, 2020 9:25:24 PM ru.spbstu.pipeline.logging.UtilLogger log
INFO: Damaskinskiy LZW compressor finished
апр 08, 2020 9:25:24 PM ru.spbstu.pipeline.logging.UtilLogger log
INFO: Damaskinskiy LZW decompressor started
апр 08, 2020 9:25:24 PM ru.spbstu.pipeline.logging.UtilLogger log
INFO: Info: Decompressor: closed files
апр 08, 2020 9:25:24 PM ru.spbstu.pipeline.logging.UtilLogger log
INFO: Damaskinskiy LZW decompressor finished
апр 08, 2020 9:25:24 PM ru.spbstu.pipeline.logging.UtilLogger log
INFO: Damaskinskiy LZW compressor started
апр 08, 2020 9:25:24 PM ru.spbstu.pipeline.logging.UtilLogger log
INFO: Info: Compressor: closed stream
апр 08, 2020 9:25:24 PM ru.spbstu.pipeline.logging.UtilLogger log
INFO: Damaskinskiy LZW compressor finished
апр 08, 2020 9:25:24 PM ru.spbstu.pipeline.logging.UtilLogger log
INFO: Damaskinskiy LZW decompressor started
апр 08, 2020 9:25:24 PM ru.spbstu.pipeline.logging.UtilLogger log
INFO: Info: Decompressor: closed files
апр 08, 2020 9:25:24 PM ru.spbstu.pipeline.logging.UtilLogger log
INFO: Damaskinskiy LZW decompressor finished
апр 08, 2020 9:25:24 PM ru.spbstu.pipeline.logging.UtilLogger log
INFO: Damaskinskiy LZW compressor started
апр 08, 2020 9:25:24 PM ru.spbstu.pipeline.logging.UtilLogger log
INFO: Info: Compressor: closed stream
апр 08, 2020 9:25:24 PM ru.spbstu.pipeline.logging.UtilLogger log
INFO: Damaskinskiy LZW compressor finished
апр 08, 2020 9:25:24 PM ru.spbstu.pipeline.logging.UtilLogger log
INFO: Damaskinskiy LZW decompressor started
апр 08, 2020 9:25:24 PM ru.spbstu.pipeline.logging.UtilLogger log
INFO: Info: Decompressor: closed files
апр 08, 2020 9:25:24 PM ru.spbstu.pipeline.logging.UtilLogger log
INFO: Damaskinskiy LZW decompressor finished
апр 08, 2020 9:25:24 PM ru.spbstu.pipeline.logging.UtilLogger log
INFO: Damaskinskiy LZW compressor started
апр 08, 2020 9:25:24 PM ru.spbstu.pipeline.logging.UtilLogger log
INFO: Info: Compressor: closed stream
апр 08, 2020 9:25:24 PM ru.spbstu.pipeline.logging.UtilLogger log
INFO: Damaskinskiy LZW compressor finished
апр 08, 2020 9:25:24 PM ru.spbstu.pipeline.logging.UtilLogger log
INFO: Damaskinskiy LZW decompressor started
апр 08, 2020 9:25:24 PM ru.spbstu.pipeline.logging.UtilLogger log
INFO: Info: Decompressor: closed files
апр 08, 2020 9:25:24 PM ru.spbstu.pipeline.logging.UtilLogger log
INFO: Damaskinskiy LZW decompressor finished
апр 08, 2020 9:25:24 PM ru.spbstu.pipeline.logging.UtilLogger log
INFO: Damaskinskiy LZW compressor started
апр 08, 2020 9:25:24 PM ru.spbstu.pipeline.logging.UtilLogger log
INFO: Info: Compressor: closed stream
апр 08, 2020 9:25:24 PM ru.spbstu.pipeline.logging.UtilLogger log
INFO: Damaskinskiy LZW compressor finished
апр 08, 2020 9:25:24 PM ru.spbstu.pipeline.logging.UtilLogger log
INFO: Damaskinskiy LZW decompressor started
апр 08, 2020 9:25:24 PM ru.spbstu.pipeline.logging.UtilLogger log
INFO: Info: Decompressor: closed files
апр 08, 2020 9:25:24 PM ru.spbstu.pipeline.logging.UtilLogger log
INFO: Damaskinskiy LZW decompressor finished
апр 08, 2020 9:25:24 PM ru.spbstu.pipeline.logging.UtilLogger log
INFO: Damaskinskiy LZW compressor started
апр 08, 2020 9:25:24 PM ru.spbstu.pipeline.logging.UtilLogger log
INFO: Info: Compressor: closed stream
апр 08, 2020 9:25:24 PM ru.spbstu.pipeline.logging.UtilLogger log
INFO: Damaskinskiy LZW compressor finished
апр 08, 2020 9:25:24 PM ru.spbstu.pipeline.logging.UtilLogger log
INFO: Damaskinskiy LZW decompressor started
апр 08, 2020 9:25:24 PM ru.spbstu.pipeline.logging.UtilLogger log
INFO: Info: Decompressor: closed files
апр 08, 2020 9:25:24 PM ru.spbstu.pipeline.logging.UtilLogger log
INFO: Damaskinskiy LZW decompressor finished
апр 08, 2020 9:25:24 PM ru.spbstu.pipeline.logging.UtilLogger log
INFO: Damaskinskiy LZW compressor started
апр 08, 2020 9:25:24 PM ru.spbstu.pipeline.logging.UtilLogger log
INFO: Info: Compressor: closed stream
апр 08, 2020 9:25:25 PM ru.spbstu.pipeline.logging.UtilLogger log
INFO: Damaskinskiy LZW compressor finished
апр 08, 2020 9:25:25 PM ru.spbstu.pipeline.logging.UtilLogger log
INFO: Damaskinskiy LZW decompressor started
апр 08, 2020 9:25:25 PM ru.spbstu.pipeline.logging.UtilLogger log
INFO: Info: Decompressor: closed files
апр 08, 2020 9:25:25 PM ru.spbstu.pipeline.logging.UtilLogger log
INFO: Damaskinskiy LZW decompressor finished
апр 08, 2020 9:25:25 PM ru.spbstu.pipeline.logging.UtilLogger log
INFO: Damaskinskiy LZW compressor started
апр 08, 2020 9:25:25 PM ru.spbstu.pipeline.logging.UtilLogger log
INFO: Info: Compressor: closed stream
апр 08, 2020 9:25:25 PM ru.spbstu.pipeline.logging.UtilLogger log
INFO: Damaskinskiy LZW compressor finished
апр 08, 2020 9:25:25 PM ru.spbstu.pipeline.logging.UtilLogger log
INFO: Damaskinskiy LZW decompressor started
апр 08, 2020 9:25:25 PM ru.spbstu.pipeline.logging.UtilLogger log
INFO: Info: Decompressor: closed files
апр 08, 2020 9:25:25 PM ru.spbstu.pipeline.logging.UtilLogger log
INFO: Damaskinskiy LZW decompressor finished
апр 08, 2020 9:25:25 PM ru.spbstu.pipeline.logging.UtilLogger log
INFO: Damaskinskiy LZW compressor started
апр 08, 2020 9:25:25 PM ru.spbstu.pipeline.logging.UtilLogger log
INFO: Info: Compressor: closed stream
апр 08, 2020 9:25:25 PM ru.spbstu.pipeline.logging.UtilLogger log
INFO: Damaskinskiy LZW compressor finished
апр 08, 2020 9:25:25 PM ru.spbstu.pipeline.logging.UtilLogger log
INFO: Damaskinskiy LZW decompressor started
апр 08, 2020 9:25:25 PM ru.spbstu.pipeline.logging.UtilLogger log
INFO: Info: Decompressor: closed files
апр 08, 2020 9:25:25 PM ru.spbstu.pipeline.logging.UtilLogger log
INFO: Damaskinskiy LZW decompressor finished
апр 08, 2020 9:25:25 PM ru.spbstu.pipeline.logging.UtilLogger log
INFO: Damaskinskiy LZW compressor started
апр 08, 2020 9:25:25 PM ru.spbstu.pipeline.logging.UtilLogger log
INFO: Info: Compressor: closed stream
апр 08, 2020 9:25:25 PM ru.spbstu.pipeline.logging.UtilLogger log
INFO: Damaskinskiy LZW compressor finished
апр 08, 2020 9:25:25 PM ru.spbstu.pipeline.logging.UtilLogger log
INFO: Damaskinskiy LZW decompressor started
апр 08, 2020 9:25:25 PM ru.spbstu.pipeline.logging.UtilLogger log
INFO: Info: Decompressor: closed files
апр 08, 2020 9:25:25 PM ru.spbstu.pipeline.logging.UtilLogger log
INFO: Damaskinskiy LZW decompressor finished
апр 08, 2020 9:25:25 PM ru.spbstu.pipeline.logging.UtilLogger log
INFO: Damaskinskiy LZW compressor started
апр 08, 2020 9:25:25 PM ru.spbstu.pipeline.logging.UtilLogger log
INFO: Info: Compressor: closed stream
апр 08, 2020 9:25:25 PM ru.spbstu.pipeline.logging.UtilLogger log
INFO: Damaskinskiy LZW compressor finished
апр 08, 2020 9:25:25 PM ru.spbstu.pipeline.logging.UtilLogger log
INFO: Damaskinskiy LZW decompressor started
апр 08, 2020 9:25:25 PM ru.spbstu.pipeline.logging.UtilLogger log
INFO: Info: Decompressor: closed files
апр 08, 2020 9:25:25 PM ru.spbstu.pipeline.logging.UtilLogger log
INFO: Damaskinskiy LZW decompressor finished
апр 08, 2020 9:25:25 PM ru.spbstu.pipeline.logging.UtilLogger log
INFO: Damaskinskiy LZW compressor started
апр 08, 2020 9:25:25 PM ru.spbstu.pipeline.logging.UtilLogger log
INFO: Info: Compressor: closed stream
апр 08, 2020 9:25:25 PM ru.spbstu.pipeline.logging.UtilLogger log
INFO: Damaskinskiy LZW compressor finished
апр 08, 2020 9:25:25 PM ru.spbstu.pipeline.logging.UtilLogger log
INFO: Damaskinskiy LZW decompressor started
апр 08, 2020 9:25:25 PM ru.spbstu.pipeline.logging.UtilLogger log
INFO: Info: Decompressor: closed files
апр 08, 2020 9:25:25 PM ru.spbstu.pipeline.logging.UtilLogger log
INFO: Damaskinskiy LZW decompressor finished
апр 08, 2020 9:25:25 PM ru.spbstu.pipeline.logging.UtilLogger log
INFO: Damaskinskiy LZW compressor started
апр 08, 2020 9:25:25 PM ru.spbstu.pipeline.logging.UtilLogger log
INFO: Info: Compressor: closed stream
апр 08, 2020 9:25:25 PM ru.spbstu.pipeline.logging.UtilLogger log
INFO: Damaskinskiy LZW compressor finished
апр 08, 2020 9:25:25 PM ru.spbstu.pipeline.logging.UtilLogger log
INFO: Damaskinskiy LZW decompressor started
апр 08, 2020 9:25:25 PM ru.spbstu.pipeline.logging.UtilLogger log
INFO: Info: Decompressor: closed files
апр 08, 2020 9:25:25 PM ru.spbstu.pipeline.logging.UtilLogger log
INFO: Damaskinskiy LZW decompressor finished
апр 08, 2020 9:25:25 PM ru.spbstu.pipeline.logging.UtilLogger log
INFO: Damaskinskiy LZW compressor started
апр 08, 2020 9:25:25 PM ru.spbstu.pipeline.logging.UtilLogger log
INFO: Info: Compressor: closed stream
апр 08, 2020 9:25:25 PM ru.spbstu.pipeline.logging.UtilLogger log
INFO: Damaskinskiy LZW compressor finished
апр 08, 2020 9:25:25 PM ru.spbstu.pipeline.logging.UtilLogger log
INFO: Damaskinskiy LZW decompressor started
апр 08, 2020 9:25:25 PM ru.spbstu.pipeline.logging.UtilLogger log
INFO: Info: Decompressor: closed files
апр 08, 2020 9:25:25 PM ru.spbstu.pipeline.logging.UtilLogger log
INFO: Damaskinskiy LZW decompressor finished
апр 08, 2020 9:25:25 PM ru.spbstu.pipeline.logging.UtilLogger log
INFO: Damaskinskiy LZW compressor started
апр 08, 2020 9:25:25 PM ru.spbstu.pipeline.logging.UtilLogger log
INFO: Info: Compressor: closed stream
апр 08, 2020 9:25:25 PM ru.spbstu.pipeline.logging.UtilLogger log
INFO: Damaskinskiy LZW compressor finished
апр 08, 2020 9:25:25 PM ru.spbstu.pipeline.logging.UtilLogger log
INFO: Damaskinskiy LZW decompressor started
апр 08, 2020 9:25:25 PM ru.spbstu.pipeline.logging.UtilLogger log
INFO: Info: Decompressor: closed files
апр 08, 2020 9:25:25 PM ru.spbstu.pipeline.logging.UtilLogger log
INFO: Damaskinskiy LZW decompressor finished
апр 08, 2020 9:25:25 PM ru.spbstu.pipeline.logging.UtilLogger log
INFO: Damaskinskiy LZW compressor started
апр 08, 2020 9:25:25 PM ru.spbstu.pipeline.logging.UtilLogger log
INFO: Info: Compressor: closed stream
апр 08, 2020 9:25:25 PM ru.spbstu.pipeline.logging.UtilLogger log
INFO: Damaskinskiy LZW compressor finished
апр 08, 2020 9:25:25 PM ru.spbstu.pipeline.logging.UtilLogger log
INFO: Damaskinskiy LZW decompressor started
апр 08, 2020 9:25:25 PM ru.spbstu.pipeline.logging.UtilLogger log
INFO: Info: Decompressor: closed files
апр 08, 2020 9:25:25 PM ru.spbstu.pipeline.logging.UtilLogger log
INFO: Damaskinskiy LZW decompressor finished
апр 08, 2020 9:25:25 PM ru.spbstu.pipeline.logging.UtilLogger log
INFO: Damaskinskiy LZW compressor started
апр 08, 2020 9:25:25 PM ru.spbstu.pipeline.logging.UtilLogger log
INFO: Info: Compressor: closed stream
апр 08, 2020 9:25:25 PM ru.spbstu.pipeline.logging.UtilLogger log
INFO: Damaskinskiy LZW compressor finished
апр 08, 2020 9:25:25 PM ru.spbstu.pipeline.logging.UtilLogger log
INFO: Damaskinskiy LZW decompressor started
апр 08, 2020 9:25:25 PM ru.spbstu.pipeline.logging.UtilLogger log
INFO: Info: Decompressor: closed files
апр 08, 2020 9:25:25 PM ru.spbstu.pipeline.logging.UtilLogger log
INFO: Damaskinskiy LZW decompressor finished
апр 08, 2020 9:25:25 PM ru.spbstu.pipeline.logging.UtilLogger log
INFO: Damaskinskiy LZW compressor started
апр 08, 2020 9:25:25 PM ru.spbstu.pipeline.logging.UtilLogger log
INFO: Info: Compressor: closed stream
апр 08, 2020 9:25:25 PM ru.spbstu.pipeline.logging.UtilLogger log
INFO: Damaskinskiy LZW compressor finished
апр 08, 2020 9:25:25 PM ru.spbstu.pipeline.logging.UtilLogger log
INFO: Damaskinskiy LZW decompressor started
апр 08, 2020 9:25:25 PM ru.spbstu.pipeline.logging.UtilLogger log
INFO: Info: Decompressor: closed files
апр 08, 2020 9:25:25 PM ru.spbstu.pipeline.logging.UtilLogger log
INFO: Damaskinskiy LZW decompressor finished
апр 08, 2020 9:25:25 PM ru.spbstu.pipeline.logging.UtilLogger log
INFO: Damaskinskiy LZW compressor started
апр 08, 2020 9:25:25 PM ru.spbstu.pipeline.logging.UtilLogger log
INFO: Info: Compressor: closed stream
апр 08, 2020 9:25:25 PM ru.spbstu.pipeline.logging.UtilLogger log
INFO: Damaskinskiy LZW compressor finished
апр 08, 2020 9:25:25 PM ru.spbstu.pipeline.logging.UtilLogger log
INFO: Damaskinskiy LZW decompressor started
апр 08, 2020 9:25:25 PM ru.spbstu.pipeline.logging.UtilLogger log
INFO: Info: Decompressor: closed files
апр 08, 2020 9:25:25 PM ru.spbstu.pipeline.logging.UtilLogger log
INFO: Damaskinskiy LZW decompressor finished
апр 08, 2020 9:25:25 PM ru.spbstu.pipeline.logging.UtilLogger log
INFO: Damaskinskiy LZW compressor started
апр 08, 2020 9:25:25 PM ru.spbstu.pipeline.logging.UtilLogger log
INFO: Info: Compressor: closed stream
апр 08, 2020 9:25:25 PM ru.spbstu.pipeline.logging.UtilLogger log
INFO: Damaskinskiy LZW compressor finished
апр 08, 2020 9:25:25 PM ru.spbstu.pipeline.logging.UtilLogger log
INFO: Damaskinskiy LZW decompressor started
апр 08, 2020 9:25:25 PM ru.spbstu.pipeline.logging.UtilLogger log
INFO: Info: Decompressor: closed files
апр 08, 2020 9:25:25 PM ru.spbstu.pipeline.logging.UtilLogger log
INFO: Damaskinskiy LZW decompressor finished
апр 08, 2020 9:25:25 PM ru.spbstu.pipeline.logging.UtilLogger log
INFO: Damaskinskiy LZW compressor started
апр 08, 2020 9:25:25 PM ru.spbstu.pipeline.logging.UtilLogger log
INFO: Info: Compressor: closed stream
апр 08, 2020 9:25:25 PM ru.spbstu.pipeline.logging.UtilLogger log
INFO: Damaskinskiy LZW compressor finished
апр 08, 2020 9:25:25 PM ru.spbstu.pipeline.logging.UtilLogger log
INFO: Damaskinskiy LZW decompressor started
апр 08, 2020 9:25:25 PM ru.spbstu.pipeline.logging.UtilLogger log
INFO: Info: Decompressor: closed files
апр 08, 2020 9:25:25 PM ru.spbstu.pipeline.logging.UtilLogger log
INFO: Damaskinskiy LZW decompressor finished
апр 08, 2020 9:25:25 PM ru.spbstu.pipeline.logging.UtilLogger log
INFO: Damaskinskiy LZW compressor started
апр 08, 2020 9:25:25 PM ru.spbstu.pipeline.logging.UtilLogger log
INFO: Info: Compressor: closed stream
апр 08, 2020 9:25:25 PM ru.spbstu.pipeline.logging.UtilLogger log
INFO: Damaskinskiy LZW compressor finished
апр 08, 2020 9:25:25 PM ru.spbstu.pipeline.logging.UtilLogger log
INFO: Damaskinskiy LZW decompressor started
апр 08, 2020 9:25:25 PM ru.spbstu.pipeline.logging.UtilLogger log
INFO: Info: Decompressor: closed files
апр 08, 2020 9:25:25 PM ru.spbstu.pipeline.logging.UtilLogger log
INFO: Damaskinskiy LZW decompressor finished
апр 08, 2020 9:25:25 PM ru.spbstu.pipeline.logging.UtilLogger log
INFO: Damaskinskiy LZW compressor started
апр 08, 2020 9:25:25 PM ru.spbstu.pipeline.logging.UtilLogger log
INFO: Info: Compressor: closed stream
апр 08, 2020 9:25:25 PM ru.spbstu.pipeline.logging.UtilLogger log
INFO: Damaskinskiy LZW compressor finished
апр 08, 2020 9:25:25 PM ru.spbstu.pipeline.logging.UtilLogger log
INFO: Damaskinskiy LZW decompressor started
апр 08, 2020 9:25:25 PM ru.spbstu.pipeline.logging.UtilLogger log
INFO: Info: Decompressor: closed files
апр 08, 2020 9:25:25 PM ru.spbstu.pipeline.logging.UtilLogger log
INFO: Damaskinskiy LZW decompressor finished
апр 08, 2020 9:25:25 PM ru.spbstu.pipeline.logging.UtilLogger log
INFO: Damaskinskiy LZW compressor started
апр 08, 2020 9:25:25 PM ru.spbstu.pipeline.logging.UtilLogger log
INFO: Info: Compressor: closed stream
апр 08, 2020 9:25:25 PM ru.spbstu.pipeline.logging.UtilLogger log
INFO: Damaskinskiy LZW compressor finished
апр 08, 2020 9:25:25 PM ru.spbstu.pipeline.logging.UtilLogger log
INFO: Damaskinskiy LZW decompressor started
апр 08, 2020 9:25:25 PM ru.spbstu.pipeline.logging.UtilLogger log
INFO: Info: Decompressor: closed files
апр 08, 2020 9:25:25 PM ru.spbstu.pipeline.logging.UtilLogger log
INFO: Damaskinskiy LZW decompressor finished
апр 08, 2020 9:25:25 PM ru.spbstu.pipeline.logging.UtilLogger log
INFO: Damaskinskiy LZW compressor started
апр 08, 2020 9:25:25 PM ru.spbstu.pipeline.logging.UtilLogger log
INFO: Info: Compressor: closed stream
апр 08, 2020 9:25:25 PM ru.spbstu.pipeline.logging.UtilLogger log
INFO: Damaskinskiy LZW compressor finished
апр 08, 2020 9:25:25 PM ru.spbstu.pipeline.logging.UtilLogger log
INFO: Damaskinskiy LZW decompressor started
апр 08, 2020 9:25:25 PM ru.spbstu.pipeline.logging.UtilLogger log
INFO: Info: Decompressor: closed files
апр 08, 2020 9:25:25 PM ru.spbstu.pipeline.logging.UtilLogger log
INFO: Damaskinskiy LZW decompressor finished
апр 08, 2020 9:25:25 PM ru.spbstu.pipeline.logging.UtilLogger log
INFO: Damaskinskiy LZW compressor started
апр 08, 2020 9:25:25 PM ru.spbstu.pipeline.logging.UtilLogger log
INFO: Info: Compressor: closed stream
апр 08, 2020 9:25:25 PM ru.spbstu.pipeline.logging.UtilLogger log
INFO: Damaskinskiy LZW compressor finished
апр 08, 2020 9:25:25 PM ru.spbstu.pipeline.logging.UtilLogger log
INFO: Damaskinskiy LZW decompressor started
апр 08, 2020 9:25:25 PM ru.spbstu.pipeline.logging.UtilLogger log
INFO: Info: Decompressor: closed files
апр 08, 2020 9:25:25 PM ru.spbstu.pipeline.logging.UtilLogger log
INFO: Damaskinskiy LZW decompressor finished
апр 08, 2020 9:25:25 PM ru.spbstu.pipeline.logging.UtilLogger log
INFO: Damaskinskiy LZW compressor started
апр 08, 2020 9:25:25 PM ru.spbstu.pipeline.logging.UtilLogger log
INFO: Info: Compressor: closed stream
апр 08, 2020 9:25:25 PM ru.spbstu.pipeline.logging.UtilLogger log
INFO: Damaskinskiy LZW compressor finished
апр 08, 2020 9:25:25 PM ru.spbstu.pipeline.logging.UtilLogger log
INFO: Damaskinskiy LZW decompressor started
апр 08, 2020 9:25:25 PM ru.spbstu.pipeline.logging.UtilLogger log
INFO: Info: Decompressor: closed files
апр 08, 2020 9:25:25 PM ru.spbstu.pipeline.logging.UtilLogger log
INFO: Damaskinskiy LZW decompressor finished
апр 08, 2020 9:25:25 PM ru.spbstu.pipeline.logging.UtilLogger log
INFO: Damaskinskiy LZW compressor started
апр 08, 2020 9:25:25 PM ru.spbstu.pipeline.logging.UtilLogger log
INFO: Info: Compressor: closed stream
апр 08, 2020 9:25:25 PM ru.spbstu.pipeline.logging.UtilLogger log
INFO: Damaskinskiy LZW compressor finished
апр 08, 2020 9:25:25 PM ru.spbstu.pipeline.logging.UtilLogger log
INFO: Damaskinskiy LZW decompressor started
апр 08, 2020 9:25:25 PM ru.spbstu.pipeline.logging.UtilLogger log
INFO: Info: Decompressor: closed files
апр 08, 2020 9:25:25 PM ru.spbstu.pipeline.logging.UtilLogger log
INFO: Damaskinskiy LZW decompressor finished
апр 08, 2020 9:25:25 PM ru.spbstu.pipeline.logging.UtilLogger log
INFO: Damaskinskiy LZW compressor started
апр 08, 2020 9:25:25 PM ru.spbstu.pipeline.logging.UtilLogger log
INFO: Info: Compressor: closed stream
апр 08, 2020 9:25:25 PM ru.spbstu.pipeline.logging.UtilLogger log
INFO: Damaskinskiy LZW compressor finished
апр 08, 2020 9:25:25 PM ru.spbstu.pipeline.logging.UtilLogger log
INFO: Damaskinskiy LZW decompressor started
апр 08, 2020 9:25:25 PM ru.spbstu.pipeline.logging.UtilLogger log
INFO: Info: Decompressor: closed files
апр 08, 2020 9:25:25 PM ru.spbstu.pipeline.logging.UtilLogger log
INFO: Damaskinskiy LZW decompressor finished
апр 08, 2020 9:25:25 PM ru.spbstu.pipeline.logging.UtilLogger log
INFO: Damaskinskiy LZW compressor started
апр 08, 2020 9:25:25 PM ru.spbstu.pipeline.logging.UtilLogger log
INFO: Info: Compressor: closed stream
апр 08, 2020 9:25:25 PM ru.spbstu.pipeline.logging.UtilLogger log
INFO: Damaskinskiy LZW compressor finished
апр 08, 2020 9:25:25 PM ru.spbstu.pipeline.logging.UtilLogger log
INFO: Damaskinskiy LZW decompressor started
апр 08, 2020 9:25:25 PM ru.spbstu.pipeline.logging.UtilLogger log
INFO: Info: Decompressor: closed files
апр 08, 2020 9:25:25 PM ru.spbstu.pipeline.logging.UtilLogger log
INFO: Damaskinskiy LZW decompressor finished
апр 08, 2020 9:25:25 PM ru.spbstu.pipeline.logging.UtilLogger log
INFO: Damaskinskiy LZW compressor started
апр 08, 2020 9:25:25 PM ru.spbstu.pipeline.logging.UtilLogger log
INFO: Info: Compressor: closed stream
апр 08, 2020 9:25:25 PM ru.spbstu.pipeline.logging.UtilLogger log
INFO: Damaskinskiy LZW compressor finished
апр 08, 2020 9:25:25 PM ru.spbstu.pipeline.logging.UtilLogger log
INFO: Damaskinskiy LZW decompressor started
апр 08, 2020 9:25:25 PM ru.spbstu.pipeline.logging.UtilLogger log
INFO: Info: Decompressor: closed files
апр 08, 2020 9:25:25 PM ru.spbstu.pipeline.logging.UtilLogger log
INFO: Damaskinskiy LZW decompressor finished
апр 08, 2020 9:25:25 PM ru.spbstu.pipeline.logging.UtilLogger log
INFO: Damaskinskiy LZW compressor started
апр 08, 2020 9:25:25 PM ru.spbstu.pipeline.logging.UtilLogger log
INFO: Info: Compressor: closed stream
апр 08, 2020 9:25:25 PM ru.spbstu.pipeline.logging.UtilLogger log
INFO: Damaskinskiy LZW compressor finished
апр 08, 2020 9:25:25 PM ru.spbstu.pipeline.logging.UtilLogger log
INFO: Damaskinskiy LZW decompressor started
апр 08, 2020 9:25:25 PM ru.spbstu.pipeline.logging.UtilLogger log
INFO: Info: Decompressor: closed files
апр 08, 2020 9:25:25 PM ru.spbstu.pipeline.logging.UtilLogger log
INFO: Damaskinskiy LZW decompressor finished
апр 08, 2020 9:25:25 PM ru.spbstu.pipeline.logging.UtilLogger log
INFO: Damaskinskiy LZW compressor started
апр 08, 2020 9:25:25 PM ru.spbstu.pipeline.logging.UtilLogger log
INFO: Info: Compressor: closed stream
апр 08, 2020 9:25:25 PM ru.spbstu.pipeline.logging.UtilLogger log
INFO: Damaskinskiy LZW compressor finished
апр 08, 2020 9:25:25 PM ru.spbstu.pipeline.logging.UtilLogger log
INFO: Damaskinskiy LZW decompressor started
апр 08, 2020 9:25:25 PM ru.spbstu.pipeline.logging.UtilLogger log
INFO: Info: Decompressor: closed files
апр 08, 2020 9:25:25 PM ru.spbstu.pipeline.logging.UtilLogger log
INFO: Damaskinskiy LZW decompressor finished
апр 08, 2020 9:25:25 PM ru.spbstu.pipeline.logging.UtilLogger log
INFO: Damaskinskiy LZW compressor started
апр 08, 2020 9:25:25 PM ru.spbstu.pipeline.logging.UtilLogger log
INFO: Info: Compressor: closed stream
апр 08, 2020 9:25:25 PM ru.spbstu.pipeline.logging.UtilLogger log
INFO: Damaskinskiy LZW compressor finished
апр 08, 2020 9:25:25 PM ru.spbstu.pipeline.logging.UtilLogger log
INFO: Damaskinskiy LZW decompressor started
апр 08, 2020 9:25:25 PM ru.spbstu.pipeline.logging.UtilLogger log
INFO: Info: Decompressor: closed files
апр 08, 2020 9:25:25 PM ru.spbstu.pipeline.logging.UtilLogger log
INFO: Damaskinskiy LZW decompressor finished
апр 08, 2020 9:25:25 PM ru.spbstu.pipeline.logging.UtilLogger log
INFO: Damaskinskiy LZW compressor started
апр 08, 2020 9:25:25 PM ru.spbstu.pipeline.logging.UtilLogger log
INFO: Info: Compressor: closed stream
апр 08, 2020 9:25:25 PM ru.spbstu.pipeline.logging.UtilLogger log
INFO: Damaskinskiy LZW compressor finished
апр 08, 2020 9:25:25 PM ru.spbstu.pipeline.logging.UtilLogger log
INFO: Damaskinskiy LZW decompressor started
апр 08, 2020 9:25:25 PM ru.spbstu.pipeline.logging.UtilLogger log
INFO: Info: Decompressor: closed files
апр 08, 2020 9:25:25 PM ru.spbstu.pipeline.logging.UtilLogger log
INFO: Damaskinskiy LZW decompressor finished
апр 08, 2020 9:25:25 PM ru.spbstu.pipeline.logging.UtilLogger log
INFO: Damaskinskiy LZW compressor started
апр 08, 2020 9:25:25 PM ru.spbstu.pipeline.logging.UtilLogger log
INFO: Info: Compressor: closed stream
апр 08, 2020 9:25:25 PM ru.spbstu.pipeline.logging.UtilLogger log
INFO: Damaskinskiy LZW compressor finished
апр 08, 2020 9:25:25 PM ru.spbstu.pipeline.logging.UtilLogger log
INFO: Damaskinskiy LZW decompressor started
апр 08, 2020 9:25:25 PM ru.spbstu.pipeline.logging.UtilLogger log
INFO: Info: Decompressor: closed files
апр 08, 2020 9:25:25 PM ru.spbstu.pipeline.logging.UtilLogger log
INFO: Damaskinskiy LZW decompressor finished
апр 08, 2020 9:25:25 PM ru.spbstu.pipeline.logging.UtilLogger log
INFO: Damaskinskiy LZW compressor started
апр 08, 2020 9:25:25 PM ru.spbstu.pipeline.logging.UtilLogger log
INFO: Info: Compressor: closed stream
апр 08, 2020 9:25:25 PM ru.spbstu.pipeline.logging.UtilLogger log
INFO: Damaskinskiy LZW compressor finished
апр 08, 2020 9:25:25 PM ru.spbstu.pipeline.logging.UtilLogger log
INFO: Damaskinskiy LZW decompressor started
апр 08, 2020 9:25:25 PM ru.spbstu.pipeline.logging.UtilLogger log
INFO: Empty file
апр 08, 2020 9:25:25 PM ru.spbstu.pipeline.logging.UtilLogger log
INFO: Damaskinskiy LZW decompressor finished
апр 08, 2020 9:25:25 PM ru.spbstu.pipeline.logging.UtilLogger log
INFO: Damaskinskiy LZW compressor started
апр 08, 2020 9:25:25 PM ru.spbstu.pipeline.logging.UtilLogger log
INFO: Info: Compressor: closed stream
апр 08, 2020 9:25:25 PM ru.spbstu.pipeline.logging.UtilLogger log
INFO: Damaskinskiy LZW compressor finished
апр 08, 2020 9:25:25 PM ru.spbstu.pipeline.logging.UtilLogger log
INFO: Damaskinskiy LZW decompressor started
апр 08, 2020 9:25:25 PM ru.spbstu.pipeline.logging.UtilLogger log
INFO: Info: Decompressor: closed files
апр 08, 2020 9:25:25 PM ru.spbstu.pipeline.logging.UtilLogger log
INFO: Damaskinskiy LZW decompressor finished
